Started by user [8mha:////4Nl2Q2pWAvXxMmkXmPmtW5HmSafkxvnPMxuEVAbW9pqYAAAAmh+LCAAAAAAAAP9b85aBtbiIQTGjNKU4P08vOT+vOD8nVc83PyU1x6OyILUoJzMv2y+/JJUBAhiZGBgqihhk0NSjKDWzXb3RdlLBUSYGJk8GtpzUvPSSDB8G5tKinBIGIZ+sxLJE/ZzEvHT94JKizLx0a6BxUmjGOUNodHsLgAyOEgY+/dLi1CL93Jz4lKLMtBIAlv7Fd8MAAAA=[0mml_drift
[8mha:////4Dg0lofcHc3blb2tWvJQLY4UgmFe/3qWhOzKa74XwBrdAAAAoh+LCAAAAAAAAP9tjTEOwjAQBM8BClpKHuFItIiK1krDC0x8GCfWnbEdkooX8TX+gCESFVvtrLSa5wtWKcKBo5UdUu8otU4GP9jS5Mixv3geZcdn2TIl9igbHBs2eJyx4YwwR1SwULBGaj0nRzbDRnX6rmuvydanHMu2V1A5c4MHCFXMWcf8hSnC9jqYxPTz/BXAFEIGsfuclm8zQVqFvQAAAA==[0m[Pipeline] Start of Pipeline
[8mha:////4GWmmwr/swDno9hrbT7SbKEuocJgW6BaJ/0/qNoY5mgiAAAApR+LCAAAAAAAAP9tjTEOwjAUQ3+KOrAycohUghExsUZZOEFIQkgb/d8mKe3EibgadyBQiQlLlmxL1nu+oE4RjhQdby12HpP2vA+jK4lPFLtroIm3dOGaMFGwXNpJkrGnpUrKFhaxClYC1hZ1oOTRZdiIVt1VExS65pxj2Q4CKm8GeAAThZxVzN8yR9jeRpMIf5y/AJj7DGxXvP/86jduZBmjwAAAAA==[0m[Pipeline] node
Running on [8mha:////4KaUya+WUX7T9R1duA6rZ2Tr9BIUqF/o+kSOPwaH3cqjAAAAoR+LCAAAAAAAAP9b85aBtbiIQTGjNKU4P08vOT+vOD8nVc83PyU1x6OyILUoJzMv2y+/JJUBAhiZGBgqihhk0NSjKDWzXb3RdlLBUSYGJk8GtpzUvPSSDB8G5tKinBIGIZ+sxLJE/ZzEvHT94JKizLx0a6BxUmjGOUNodHsLgAz2EgZR/eT83ILSktQifY2k0sycEt3MPE19AHHxbH3KAAAA[0mJenkins in /var/jenkins_home/workspace/retrain-model
[8mha:////4PSXudAluoPcd+mgeFKmyuSlkTGZLZ3A5ZDBHaInVYBhAAAApR+LCAAAAAAAAP9tjTEOwjAUQ3+KOrAycoh0gA0xsUZZOEFIQkgb/d8mKe3EibgadyBQiQlLlmxL1nu+oE4RjhQdby12HpP2vA+jK4lPFLtroIm3dOGaMFGwXNpJkrGnpUrKFhaxClYC1hZ1oOTRZdiIVt1VExS65pxj2Q4CKm8GeAAThZxVzN8yR9jeRpMIf5y/AJj7DGxXvP/86jfoP95RwAAAAA==[0m[Pipeline] {
[8mha:////4BRbMsnnHEpqfk0ERU7TjOJE/UuoR08adWgDoFPo+JG6AAAApR+LCAAAAAAAAP9tjTEOwjAUQ3+KOrAycoh0gQkxsUZZOEFIQkgb/d8mKe3EibgadyBQiQlLlmxL1nu+oE4RjhQdby12HpP2vA+jK4lPFLtroIm3dOGaMFGwXNpJkrGnpUrKFhaxClYC1hZ1oOTRZdiIVt1VExS65pxj2Q4CKm8GeAAThZxVzN8yR9jeRpMIf5y/AJj7DGxXvP/86jc09154wAAAAA==[0m[Pipeline] withEnv
[8mha:////4Op+QZtALvOp3Q3Wess6+p2lMzmsC6Lv3TAxlkSzUFQcAAAApR+LCAAAAAAAAP9tjTEOwjAUQ3+KOrAycoh0ggUxsUZZOEFIQkgb/d8mKe3EibgadyBQiQlLlmxL1nu+oE4RjhQdby12HpP2vA+jK4lPFLtroIm3dOGaMFGwXNpJkrGnpUrKFhaxClYC1hZ1oOTRZdiIVt1VExS65pxj2Q4CKm8GeAAThZxVzN8yR9jeRpMIf5y/AJj7DGxXvP/86jek7ggRwAAAAA==[0m[Pipeline] {
[8mha:////4IwzZoa8bDksoxGlFKBOqby9wU0hZk2AW2K0v2gc3ASsAAAApR+LCAAAAAAAAP9tjTEOwjAUQ3+KOrAycoh0gwExsUZZOEFIQkgb/d8mKe3EibgadyBQiQlLlmxL1nu+oE4RjhQdby12HpP2vA+jK4lPFLtroIm3dOGaMFGwXNpJkrGnpUrKFhaxClYC1hZ1oOTRZdiIVt1VExS65pxj2Q4CKm8GeAAThZxVzN8yR9jeRpMIf5y/AJj7DGxXvP/86jcChmMxwAAAAA==[0m[Pipeline] stage
[8mha:////4HBAUomVn5ecE6tKE58f/6UnogCceipmfR1YoISclyngAAAApR+LCAAAAAAAAP9tjTEOwjAUQ3+KOrAycoh0BAkxsUZZOEFIQkgb/d8mKe3EibgadyBQiQlLlmxL1nu+oE4RjhQdby12HpP2vA+jK4lPFLtroIm3dOGaMFGwXNpJkrGnpUrKFhaxClYC1hZ1oOTRZdiIVt1VExS65pxj2Q4CKm8GeAAThZxVzN8yR9jeRpMIf5y/AJj7DGxXvP/86jfpX/cvwAAAAA==[0m[Pipeline] { (Resolve containers)
[8mha:////4KREBdJMdgku34I+cM8equXVpuxUa15ebODcWTHeInbuAAAAoh+LCAAAAAAAAP9tjTEOAiEURD9rLGwtPQTbaoyVLaHxBMgiwpL/WWDdrTyRV/MOEjexcpJJ5k3zXm9Y5wQnSpZ7g73DrB2PYbR18YlSfws0cU9XrgkzBcOlmSR15rygpGJgCWtgJWBjUAfKDm2BrfDqodqg0LaXkup3FNC4boAnMFHNRaXyhTnB7j52mfDn+SuAORZg+9pD/AAeoCAqvAAAAA==[0m[Pipeline] sh
+ set -eu
+ docker ps -qf label=com.docker.compose.service=pyspark-client
+ CID_PY=1bdc45b62cc9
+ [ -z 1bdc45b62cc9 ]
+ [ -n 1bdc45b62cc9 ]
+ echo 1bdc45b62cc9
[8mha:////4BetZP49ipTveo7qpS+7GvU9fFQGYME842D+D5McUHRfAAAAox+LCAAAAAAAAP9tjTEOwjAQBDdBFLSUPMKBDglR0VppeIFJjHFi3QX7QlLxIr7GH4iIRMVWO9PM641lijhydKqx1HpKlVdd6N301MCxvQYeVMMXVTElDlaVdii5tqcZSxaLeVmOhcbKUhU4eXKCtW7MwxTBkCvOEid30Mh9fccTmZ7KYqJ8YYzY3Po6Mf06fwMYu06Q77aCbP8Brmfz270AAAA=[0m[Pipeline] }
[8mha:////4I+XG7+oA/r95rT+MUawdebEam5Orwd2CTdhH4GBxLF2AAAAox+LCAAAAAAAAP9tjTESgjAQRT84FraWHiIMlYVjZZuh8QQRYgxkdjFZhMoTeTXvICMzVv7qv9e81xvrFHHk6FRrqfOUaq/6MLj5qZFjdw08qpYvqmZKHKyq7FhxY08LViwWy7IcK42NpTpw8uQEW92ahymCIVecJc7uoJH75o4nMj2XxUT5whSxuw1NYvp1/gYw9b0gL0tBtv8Aj1Msdr0AAAA=[0m[Pipeline] // stage
[8mha:////4MPDzgODiF+L3XQmMmdY9jZiAYXsXOmSgLHLFe5/luqRAAAAph+LCAAAAAAAAP9tjTEOwjAQBM9BKWgpeYQjKGgQFa3lhheY2Bgn1l2wLyQVL+Jr/IFAJCq22llpNc8XlDnBgZKXjcM2YK6D7GLvpyYHSu0l0iAbOsuaMFN0UrtBk3XHGTWxgzmigIWCpcM6Ug7oGVaqMXdTRYO+OnGatr2CItgbPECoycwm8RfGBOtrbzPhz/NXAGPHIHYMxWb7OZZvfPyORMEAAAA=[0m[Pipeline] stage
[8mha:////4JGATYQK7g+JjfKl4yZElKAlGti113Mqjb1TaH/0bpIVAAAAph+LCAAAAAAAAP9tjTEOwjAUQ3+LOrAycohUwIiYukZZOEFoQkgb/V9+UtqJE3E17kBLJSY8WLYl673eUESGE7ETjcXWY6y96ELvpiQG4vYaaBANXURNGClYoeygyNhqqYqShUVZDisJa4t1oOjRJdjIRj90GTS68px42o4Scm/u8IRMTuSkOX3LyLC99SYS/jh/ATB2CfLdfrbD/Cw+y7kUycIAAAA=[0m[Pipeline] { (Train with Spark + log)
[8mha:////4LZ5dxwcxgzzXwcTAXLbRtgF9Gx5BfefM1M9mZhKg9jRAAAApB+LCAAAAAAAAP9tjTEOwjAQBC9BFLSUPOIiBB2iSmu54QUmNsaJdWdsh6TiRXyNPxCIRMUWq51t5vmCZYpw5GixNdQ5So3D4Hs7LRw4dhfPA7Z8xoYpsTcozSBZm3pGydnAnKKEhYCVocZzcmQzrEWr7qryimx1ynH6DgJKp2/wgEJM5qxi/sIYYXPtdWL6ef4KYAwZyu3uU/vwBgq0rvS+AAAA[0m[Pipeline] sh
+ set -eu
+ cat .cid_py
+ CID_PY=1bdc45b62cc9
+ METRICS_DIR=/var/jenkins_home/workspace/retrain-model/metrics
+ mkdir -p /var/jenkins_home/workspace/retrain-model/metrics
+ RUNS_CSV=/var/jenkins_home/workspace/retrain-model/metrics/jenkins_runs.csv
+ [ ! -f /var/jenkins_home/workspace/retrain-model/metrics/jenkins_runs.csv ]
+ date +%s
+ start_ts=1762399629
+ docker stats --no-stream --format {{.CPUPerc}},{{.MemUsage}},{{.MemPerc}} 1bdc45b62cc9
+ stats=0.00%,32.42MiB / 3.577GiB,0.89%
+ echo 0.00%,32.42MiB / 3.577GiB,0.89%+ + 
cuttr -d, -f1 -d
 %
+ cpu=0.00
+ echo 0.00%,32.42MiB / 3.577GiB,0.89%+ + 
cuttr -d, -d % -f3

+ mem_perc=0.89
+ + echo 0.00%,32.42MiB / 3.577GiB,0.89%+ cut
tr -d, -d   -f2

+ mem_pair=32.42MiB/3.577GiB
+ + echocut -d/+ sed 32.42MiB/3.577GiB
 -f1
 s/[^0-9.]*//g
+ used=32.42
+ + cut+ echo -d/sed s/[^0-9.]*//g 32.42MiB/3.577GiB
 -f2

+ limit=3.577
+ date -Iseconds
+ echo 2025-11-06T03:27:12+00:00,50,pre,0.00,0.89,32.42,3.577,0
+ docker exec -i 1bdc45b62cc9 sh -lc             export MLFLOW_TRACKING_URI=http://mlflow:5000;             export EXPERIMENT_LOG_FILE=/tmp/arlequin-logs/training_log.csv;             mkdir -p /tmp/arlequin-logs;             spark-submit --master spark://spark-master:7077               --conf spark.hadoop.fs.defaultFS=hdfs://namenode:9000               /scripts/train_model.py
/usr/local/lib/python3.9/dist-packages/mlflow/utils/requirements_utils.py:20: UserWarning: pkg_resources is deprecated as an API. See https://setuptools.pypa.io/en/latest/pkg_resources.html. The pkg_resources package is slated for removal as early as 2025-11-30. Refrain from using this package or pin to Setuptools<81.
  import pkg_resources  # noqa: TID251
Traceback (most recent call last):
  File "/usr/local/lib/python3.9/dist-packages/urllib3/connection.py", line 198, in _new_conn
    sock = connection.create_connection(
  File "/usr/local/lib/python3.9/dist-packages/urllib3/util/connection.py", line 60, in create_connection
    for res in socket.getaddrinfo(host, port, family, socket.SOCK_STREAM):
  File "/usr/lib/python3.9/socket.py", line 953, in getaddrinfo
    for res in _socket.getaddrinfo(host, port, family, type, proto, flags):
socket.gaierror: [Errno -2] Name or service not known

The above exception was the direct cause of the following exception:

Traceback (most recent call last):
  File "/usr/local/lib/python3.9/dist-packages/urllib3/connectionpool.py", line 787, in urlopen
    response = self._make_request(
  File "/usr/local/lib/python3.9/dist-packages/urllib3/connectionpool.py", line 493, in _make_request
    conn.request(
  File "/usr/local/lib/python3.9/dist-packages/urllib3/connection.py", line 494, in request
    self.endheaders()
  File "/usr/lib/python3.9/http/client.py", line 1254, in endheaders
    self._send_output(message_body, encode_chunked=encode_chunked)
  File "/usr/lib/python3.9/http/client.py", line 1014, in _send_output
    self.send(msg)
  File "/usr/lib/python3.9/http/client.py", line 954, in send
    self.connect()
  File "/usr/local/lib/python3.9/dist-packages/urllib3/connection.py", line 325, in connect
    self.sock = self._new_conn()
  File "/usr/local/lib/python3.9/dist-packages/urllib3/connection.py", line 205, in _new_conn
    raise NameResolutionError(self.host, self, e) from e
urllib3.exceptions.NameResolutionError: <urllib3.connection.HTTPConnection object at 0x7f2f8a5bbd00>: Failed to resolve 'mlflow' ([Errno -2] Name or service not known)

The above exception was the direct cause of the following exception:

Traceback (most recent call last):
  File "/usr/local/lib/python3.9/dist-packages/requests/adapters.py", line 644, in send
    resp = conn.urlopen(
  File "/usr/local/lib/python3.9/dist-packages/urllib3/connectionpool.py", line 871, in urlopen
    return self.urlopen(
  File "/usr/local/lib/python3.9/dist-packages/urllib3/connectionpool.py", line 871, in urlopen
    return self.urlopen(
  File "/usr/local/lib/python3.9/dist-packages/urllib3/connectionpool.py", line 871, in urlopen
    return self.urlopen(
  [Previous line repeated 2 more times]
  File "/usr/local/lib/python3.9/dist-packages/urllib3/connectionpool.py", line 841, in urlopen
    retries = retries.increment(
  File "/usr/local/lib/python3.9/dist-packages/urllib3/util/retry.py", line 519, in increment
    raise MaxRetryError(_pool, url, reason) from reason  # type: ignore[arg-type]
urllib3.exceptions.MaxRetryError: HTTPConnectionPool(host='mlflow', port=5000): Max retries exceeded with url: /api/2.0/mlflow/experiments/get-by-name?experiment_name=bank-fraud (Caused by NameResolutionError("<urllib3.connection.HTTPConnection object at 0x7f2f8a5bbd00>: Failed to resolve 'mlflow' ([Errno -2] Name or service not known)"))

During handling of the above exception, another exception occurred:

Traceback (most recent call last):
  File "/usr/local/lib/python3.9/dist-packages/mlflow/utils/rest_utils.py", line 129, in http_request
    return _get_http_response_with_retries(
  File "/usr/local/lib/python3.9/dist-packages/mlflow/utils/request_utils.py", line 237, in _get_http_response_with_retries
    return session.request(method, url, allow_redirects=allow_redirects, **kwargs)
  File "/usr/local/lib/python3.9/dist-packages/requests/sessions.py", line 589, in request
    resp = self.send(prep, **send_kwargs)
  File "/usr/local/lib/python3.9/dist-packages/requests/sessions.py", line 703, in send
    r = adapter.send(request, **kwargs)
  File "/usr/local/lib/python3.9/dist-packages/requests/adapters.py", line 677, in send
    raise ConnectionError(e, request=request)
requests.exceptions.ConnectionError: HTTPConnectionPool(host='mlflow', port=5000): Max retries exceeded with url: /api/2.0/mlflow/experiments/get-by-name?experiment_name=bank-fraud (Caused by NameResolutionError("<urllib3.connection.HTTPConnection object at 0x7f2f8a5bbd00>: Failed to resolve 'mlflow' ([Errno -2] Name or service not known)"))

During handling of the above exception, another exception occurred:

Traceback (most recent call last):
  File "/scripts/train_model.py", line 266, in <module>
    sys.exit(main())
  File "/scripts/train_model.py", line 188, in main
    mlflow.set_experiment(EXPERIMENT_NAME)
  File "/usr/local/lib/python3.9/dist-packages/mlflow/tracking/fluent.py", line 143, in set_experiment
    experiment = client.get_experiment_by_name(experiment_name)
  File "/usr/local/lib/python3.9/dist-packages/mlflow/tracking/client.py", line 1240, in get_experiment_by_name
    return self._tracking_client.get_experiment_by_name(name)
  File "/usr/local/lib/python3.9/dist-packages/mlflow/tracking/_tracking_service/client.py", line 482, in get_experiment_by_name
    return self.store.get_experiment_by_name(name)
  File "/usr/local/lib/python3.9/dist-packages/mlflow/store/tracking/rest_store.py", line 518, in get_experiment_by_name
    response_proto = self._call_endpoint(GetExperimentByName, req_body)
  File "/usr/local/lib/python3.9/dist-packages/mlflow/store/tracking/rest_store.py", line 81, in _call_endpoint
    return call_endpoint(self.get_host_creds(), endpoint, method, json_body, response_proto)
  File "/usr/local/lib/python3.9/dist-packages/mlflow/utils/rest_utils.py", line 299, in call_endpoint
    response = http_request(**call_kwargs)
  File "/usr/local/lib/python3.9/dist-packages/mlflow/utils/rest_utils.py", line 152, in http_request
    raise MlflowException(f"API request to {url} failed with exception {e}")
mlflow.exceptions.MlflowException: API request to http://mlflow:5000/api/2.0/mlflow/experiments/get-by-name failed with exception HTTPConnectionPool(host='mlflow', port=5000): Max retries exceeded with url: /api/2.0/mlflow/experiments/get-by-name?experiment_name=bank-fraud (Caused by NameResolutionError("<urllib3.connection.HTTPConnection object at 0x7f2f8a5bbd00>: Failed to resolve 'mlflow' ([Errno -2] Name or service not known)"))
25/11/06 03:28:27 INFO ShutdownHookManager: Shutdown hook called
25/11/06 03:28:27 INFO ShutdownHookManager: Deleting directory /tmp/spark-e1483de1-3280-4c3d-9c16-3f33fd1061e9
[8mha:////4DO+4etrl4Eqc5JJU7Rjx3eaaWh1AKP5/9y8guvdWLOQAAAApB+LCAAAAAAAAP9tjTEOwjAQBC9BFLSUPOIihKgQVVrLDS8wsTFOrDtjOyQVL+Jr/IFAJCq2WO1sM88XLFOEI0eLraHOUWocBt/baeHAsbt4HrDlMzZMib1BaQbJ2tQzSs4G5hQlLASsDDWekyObYS1adVeVV2SrU47TdxBQOn2DBxRiMmcV8xfGCJtrrxPTz/NXAGMIGcrt/lO7N7BnLt++AAAA[0m[Pipeline] }
[8mha:////4KF7/EbhjOTb4KM+UaEBsh9AzFoqDWk5Xj1frwEvR4ymAAAApB+LCAAAAAAAAP9tjTEOwjAQBC9BFLSUPOIiKGgQVVrLDS8wsTFOrDtjOyQVL+Jr/IFAJCq2WO1sM88XLFOEI0eLraHOUWocBt/baeHAsbt4HrDlMzZMib1BaQbJ2tQzSs4G5hQlLASsDDWekyObYS1adVeVV2SrU47TdxBQOn2DBxRiMmcV8xfGCJtrrxPTz/NXAGMIGcrt/lO7N4glvS6+AAAA[0m[Pipeline] // stage
[8mha:////4KuZl6AZO4ISXgEb7MIDXS0P7Vp5/IwqtfjLNWbTt9lgAAAAph+LCAAAAAAAAP9tjTEOwjAQBM9BKWgpeYQjGigQFa3lhheY2Bgn1l2wLyQVL+Jr/IFAJCq22llpNc8XlDnBgZKXjcM2YK6D7GLvpyYHSu0l0iAbOsuaMFN0UrtBk3XHGTWxgzmigIWCpcM6Ug7oGVaqMXdTRYO+OnGatr2CItgbPECoycwm8RfGBOtrbzPhz/NXAGPHILYMxWb3OZZvz21DFMEAAAA=[0m[Pipeline] stage
[8mha:////4GUNdw+TdJjbwP7WLolZDk41GeX0YIDHyg8sEKdkiWYtAAAApx+LCAAAAAAAAP9tjTEOwjAUQ3+LOrAycohUTCAhpq5RFk4QmhDSRv+Xn5R24kRcjTvQUokJD5ZtyXqvNxSR4UTsRGOx9RhrL7rQuymJgbi9BhpEQxdRE0YKVig7KDK2WqqiZGFRlsNKwtpiHSh6dAk2stEPXQaNrjwnnrajhNybOzwhkxM5aU7fMjJsb72JhD/OXwCMXYJ8t5/tMD+LD0rlhNLCAAAA[0m[Pipeline] { (Evaluate stats)
Stage "Evaluate stats" skipped due to earlier failure(s)
[8mha:////4DlpV7CWSZsiTzTiDeTmZ5Vo3QpemK7U/ldh3Bpqq0I5AAAApB+LCAAAAAAAAP9tjTEOwjAQBC9BFLSUPOIiOhCiSmu54QUmNsaJdWdsh6TiRXyNPxCIRMUWq51t5vmCZYpw5GixNdQ5So3D4Hs7LRw4dhfPA7Z8xoYpsTcozSBZm3pGydnAnKKEhYCVocZzcmQzrEWr7qryimx1ynH6DgJKp2/wgEJM5qxi/sIYYXPtdWL6ef4KYAwZyu3uU/vwBr2eB0O+AAAA[0m[Pipeline] getContext
[8mha:////4BCU/PDqpu9qfVOYZOE5wZYBbC9UJgPOudPFrQmo7aCHAAAApR+LCAAAAAAAAP9tjTEOwjAQBC9BFLSUPOICVEgoFa3lhheYxBgn1l2wHZyKF/E1/oBFJCq2WO1sM683LIOHmr3BTlNvKTQWBzeavDCx76+OE3Z8wYYpsNModZLc6tOMkqOGOUUJCwErTY3jYMlEWItOPVTlFJnqHH3+jgJK297hCYXI5qh8/MLkYXMb28D08/wVwDQMEcr9Ntfu8AEWNdkpvgAAAA==[0m[Pipeline] }
[8mha:////4J8t8/1ih4HoeditHk4bH9fDHWt3dEuP6qv2SjbqpMJoAAAApR+LCAAAAAAAAP9tjTEOwjAQBC9BFLSUPOKi0FAgqrRWGl5gYmOcWHfGdkgqXsTX+AMWkajYYrWzzbzesI4BThwM9poGS7Gz6N1o8sKJw3B1PGHPF+yYIjuNrZ5aVrpZsOWkYUlRwkrARlPnOFoyCbailw9ZOUmmOqeQv6OA0qo7PKEQ2ZxkSF+YA+xuo4pMP89fAczeJyj3da768AEi+zpyvgAAAA==[0m[Pipeline] // stage
[8mha:////4HL8aiPVUR/v2jkbSr29vfD5/11O1qhuWXEJIFiSMQa5AAAAph+LCAAAAAAAAP9tjTEOwjAQBC9BKWgpeYQjpaBBVLSWG15gYmOcWHfBvpBUvIiv8QcMkajYamel1TxfUKUIB4pOdBZ7j6n1Ygijy01MFPtLoEl0dBYtYaJghbKTImOPCypiC0uKElYS1hbbQMmjY9jITt91HTS6+sQxb3sJpTc3eEAhs5l15C/MEbbX0STCn+evAOaBodgxlE3zOVZv4eZmdcEAAAA=[0m[Pipeline] stage
[8mha:////4I69wRGtfiKaqZCIC1xJ67eKHtyUiTe89CKvnOr/gY0dAAAAph+LCAAAAAAAAP9tjTEOwjAUQ3+LOrAycohUKiNiYo2ycILQhJA0+r9NUtKJE3E17kBLJSY8WLYl673eUMUAJwqGOY2dxdha1vvRzIllCt3NU2aOrqwljOQ1EzoLUvq8VkFJw6qihA2HrcbWU7RoEuy4kw9Ze4mmvqQwb0cOpVUDPKHgMznJkL5lCrC/jyoS/jh/ATD1CcqmWeywPKsPpnFij8IAAAA=[0m[Pipeline] { (Declarative: Post Actions)
[8mha:////4AC3+V8wJbYcysX4aKA6fJQHHw9RaM3T8h96ZxbZsigSAAAApB+LCAAAAAAAAP9tjTEOwjAQBC9BFLSUPOIiAR2iSmu54QUmNsaJdWdsh6TiRXyNPxCIRMUWq51t5vmCZYpw5GixNdQ5So3D4Hs7LRw4dhfPA7Z8xoYpsTcozSBZm3pGydnAnKKEhYCVocZzcmQzrEWr7qryimx1ynH6DgJKp2/wgEJM5qxi/sIYYXPtdWL6ef4KYAwZyu3uU/vwBrANZ3i+AAAA[0m[Pipeline] echo
Done.
[8mha:////4AXPz/g1IaAV9/ExHb/Tm0F5SO6uUuckYYOE/hLecpNzAAAApB+LCAAAAAAAAP9tjTEOwjAQBC9BFLSUPOIigagQVVrLDS8wsTFOrDtjOyQVL+Jr/IFAJCq2WO1sM88XLFOEI0eLraHOUWocBt/baeHAsbt4HrDlMzZMib1BaQbJ2tQzSs4G5hQlLASsDDWekyObYS1adVeVV2SrU47TdxBQOn2DBxRiMmcV8xfGCJtrrxPTz/NXAGMIGcrt/lO7N+4u68W+AAAA[0m[Pipeline] }
[8mha:////4Nhq2rdGAv+eNEXgAuZJJYGEaapmIuvlJDFvkyiTqGd7AAAApB+LCAAAAAAAAP9tjTESwiAURH/iWNhaeggyk8LGsbJlaDwBJogQ5n8CRFJ5Iq/mHUQzY+UWO/u2ec8XrGOAIwXNrMLBYOwM827SZbFMYbg6yszShXWEkZxiQmVBvTotKCgpWFLVsOKwUdg5igZ1gi238i4bJ1E35xTKd+BQm36EB1S8mJMM6QtzgN1t6iPhz/NXALP3Cep2/6n2DdZseDS+AAAA[0m[Pipeline] // stage
[8mha:////4Hho6DCg/YRK26Si7lK1+TgS0i40Bx0TyuhX54thFASnAAAApB+LCAAAAAAAAP9tjTEOwjAQBDdBFLSUPMKRKKBAVLRWGl5gEmOcWHfBvpBUvIiv8QciIlGx1c4083pjmSKOHJ1qLLWeUuVVF3o3PTVwbK+BB9XwRVVMiYNVpR1Kru1pxpLFYl6WY6GxslQFTp6cYK0b8zBFMOSKs8TJHTRyX9/xRKanspgoXxgjNre+Tky/zt8Axq4T5Nu9INt9ABfk/wi9AAAA[0m[Pipeline] }
[8mha:////4MkfKHEbUOfU6v4BhaJ17a81tpxkkpauyyPrwVQLke2RAAAApB+LCAAAAAAAAP9tjbEKwjAURW8rDq6OfkQKgiCIk2vo4hfENsa04b2avNpOfpG/5j9YLDh5p3vOcl5vLFPEkaNTjaXWU6q86kLvpqcGju018KAavqiKKXGwqrRDybU9zViyWMzLciw0VpaqwMmTE6x1Yx6mCIZccZY4uYNG7us7nsj0VBYT5QtjxObW14np1/kbwNh1gny7F2S7D3wiphO9AAAA[0m[Pipeline] // withEnv
[8mha:////4Dry1ZcNjQbpwABUUDH44UOTshHyHou6z3jQ2jqsiH8rAAAApB+LCAAAAAAAAP9tjTEOwjAQBDdBFLSUPMKREA1CVLRWGl5gEmOcWHfBvpBUvIiv8QciIlGx1c4083pjmSKOHJ1qLLWeUuVVF3o3PTVwbK+BB9XwRVVMiYNVpR1Kru1pxpLFYl6WY6GxslQFTp6cYK0b8zBFMOSKs8TJHTRyX9/xRKanspgoXxgjNre+Tky/zt8Axq4T5Nu9INt9AFo7wVm9AAAA[0m[Pipeline] }
[8mha:////4HbsVeAGtDSqWoJzaq56PctTEs/HN5xrCzkY1XxPPGzYAAAAoh+LCAAAAAAAAP9tjbEOgjAURS8YB1dHP6KYMBon14bFL6hQa6F5D9uHMPlF/pr/IJHEyTvdc5bzemOdIo4cnWotdZ5S7VUfBjc/NXLsroFH1fJF1UyJg1WVHStu7GnBisViWZZjpbGxVAdOnpxgq1vzMEUw5IqzxNkdNHLf3PFEpueymChfmCJ2t6FJTL/O3wCmvhfk5V6QlR8tH+kBvQAAAA==[0m[Pipeline] // node
[8mha:////4F620tOcxmoOoDtEi96Hd+/36xN1dMyL2r3DoZvfuqchAAAAoh+LCAAAAAAAAP9tjTEOwjAQBDdBFLSUPMIRUCIqWisNLzCJMU6su2BfSCpexNf4AxGRqNhqZ5p5vbFMEUeOTjWWWk+p8qoLvZueGji218CDaviiKqbEwarSDiXX9jRjyWIxL8ux0FhZqgInT06w1o15mCIYcsVZ4uQOGrmv73gi01NZTJQvjBGbW18npl/nbwBj1wny/VaQ7T4LBo5LvQAAAA==[0m[Pipeline] End of Pipeline
ERROR: script returned exit code 1
Finished: FAILURE
